-------------------------------------------------------------------------------
Test set: com.controller.MessageControllerTest
-------------------------------------------------------------------------------
Tests run: 3, Failures: 1, Errors: 0, Skipped: 0, Time elapsed: 25.029 s <<< FAILURE! - in com.controller.MessageControllerTest
createEntity(com.controller.MessageControllerTest)  Time elapsed: 4.027 s  <<< FAILURE!
java.lang.AssertionError
	at com.controller.MessageControllerTest.createEntity(MessageControllerTest.java:119)

