<?xml version="1.0" encoding="UTF-8"?>
<testsuite xmlns:xsi="http://www.w3.org/2001/XMLSchema-instance" xsi:noNamespaceSchemaLocation="https://maven.apache.org/surefire/maven-surefire-plugin/xsd/surefire-test-report.xsd" name="com.controller.MessageControllerTest" time="25.029" tests="3" errors="0" skipped="0" failures="1">
  <properties>
[...]
</properties>
  <testcase name="deleteEntity" classname="com.controller.MessageControllerTest" time="4.274"/>
  <testcase name="createEntity" classname="com.controller.MessageControllerTest" time="4.027">
    <failure type="java.lang.AssertionError">java.lang.AssertionError
	at com.controller.MessageControllerTest.createEntity(MessageControllerTest.java:119)
</failure>
    <system-out><![CDATA[2019-05-06 12:28:31.921  INFO 9236 --- [           main] o.s.w.c.s.GenericWebApplicationContext   : Closing org.springframework.web.context.support.GenericWebApplicationContext@7f41d979: startup date [Mon May 06 12:28:27 CEST 2019]; root of context hierarchy
2019-05-06 12:28:31.921  INFO 9236 --- [           main] j.LocalContainerEntityManagerFactoryBean : Closing JPA EntityManagerFactory for persistence unit 'default'
2019-05-06 12:28:31.921  INFO 9236 --- [           main] .SchemaDropperImpl$DelayedDropActionImpl : HHH000477: Starting delayed drop of schema as part of SessionFactory shut-down'
2019-05-06 12:28:31.968  WARN 9236 --- [           main] o.s.b.f.support.DisposableBeanAdapter    : Invocation of destroy method failed on bean with name 'inMemoryDatabaseShutdownExecutor': org.h2.jdbc.JdbcSQLException: La base de données est déjà fermée (pour désactiver la fermeture automatique à larrêt de la VM, ajoutez "; DB_CLOSE_ON_EXIT = FALSE" à lURL db)
Database is already closed (to disable automatic closing at VM shutdown, add ";DB_CLOSE_ON_EXIT=FALSE" to the db URL) [90121-197]
2019-05-06 12:28:31.968  INFO 9236 --- [           main] com.zaxxer.hikari.HikariDataSource       : HikariPool-2 - Shutdown initiated...
2019-05-06 12:28:32.077  INFO 9236 --- [           main] com.zaxxer.hikari.HikariDataSource       : HikariPool-2 - Shutdown completed.

  .   ____          _            __ _ _
 /\\ / ___'_ __ _ _(_)_ __  __ _ \ \ \ \
( ( )\___ | '_ | '_| | '_ \/ _` | \ \ \ \
 \\/  ___)| |_)| | | | | || (_| |  ) ) ) )
  '  |____| .__|_| |_|_| |_\__, | / / / /
 =========|_|==============|___/=/_/_/_/
 :: Spring Boot ::        (v2.0.2.RELEASE)

2019-05-06 12:28:32.218  INFO 9236 --- [           main] com.controller.MessageControllerTest     : Starting MessageControllerTest on IN-LY-030 with PID 9236 (started by IN-LY-030 in C:\Users\IN-LY-030\Desktop\PROJETTTTTTTT\Projet_Banque_1)
2019-05-06 12:28:32.233  INFO 9236 --- [           main] com.controller.MessageControllerTest     : No active profile set, falling back to default profiles: default
2019-05-06 12:28:32.280  INFO 9236 --- [           main] o.s.w.c.s.GenericWebApplicationContext   : Refreshing org.springframework.web.context.support.GenericWebApplicationContext@7f82a71f: startup date [Mon May 06 12:28:32 CEST 2019]; root of context hierarchy
2019-05-06 12:28:34.060  INFO 9236 --- [           main] trationDelegate$BeanPostProcessorChecker : Bean 'org.springframework.transaction.annotation.ProxyTransactionManagementConfiguration' of type [org.springframework.transaction.annotation.ProxyTransactionManagementConfiguration$$EnhancerBySpringCGLIB$$5ec64cfd] is not eligible for getting processed by all BeanPostProcessors (for example: not eligible for auto-proxying)
2019-05-06 12:28:34.257  INFO 9236 --- [           main] com.zaxxer.hikari.HikariDataSource       : HikariPool-3 - Starting...
2019-05-06 12:28:34.257  INFO 9236 --- [           main] com.zaxxer.hikari.HikariDataSource       : HikariPool-3 - Start completed.
2019-05-06 12:28:34.366  INFO 9236 --- [           main] j.LocalContainerEntityManagerFactoryBean : Building JPA container EntityManagerFactory for persistence unit 'default'
2019-05-06 12:28:34.382  INFO 9236 --- [           main] o.hibernate.jpa.internal.util.LogHelper  : HHH000204: Processing PersistenceUnitInfo [
	name: default
	...]
2019-05-06 12:28:34.397  INFO 9236 --- [           main] org.hibernate.dialect.Dialect            : HHH000400: Using dialect: org.hibernate.dialect.H2Dialect
2019-05-06 12:28:34.538  INFO 9236 --- [           main] o.h.t.schema.internal.SchemaCreatorImpl  : HHH000476: Executing import script 'org.hibernate.tool.schema.internal.exec.ScriptSourceInputNonExistentImpl@3caf5c96'
2019-05-06 12:28:34.538  INFO 9236 --- [           main] j.LocalContainerEntityManagerFactoryBean : Initialized JPA EntityManagerFactory for persistence unit 'default'
2019-05-06 12:28:34.772  WARN 9236 --- [           main] aWebConfiguration$JpaWebMvcConfiguration : spring.jpa.open-in-view is enabled by default. Therefore, database queries may be performed during view rendering. Explicitly configure spring.jpa.open-in-view to disable this warning
2019-05-06 12:28:34.819  INFO 9236 --- [           main] s.w.s.m.m.a.RequestMappingHandlerMapping : Mapped "{[/bankister/{id}],methods=[PUT]}" onto public com.entity.Banquier com.controller.BanquierController.updateBankist(com.entity.Banquier,int)
2019-05-06 12:28:34.819  INFO 9236 --- [           main] s.w.s.m.m.a.RequestMappingHandlerMapping : Mapped "{[/bankister/{id}],methods=[DELETE]}" onto public void com.controller.BanquierController.deleteMessage(int)
2019-05-06 12:28:34.819  INFO 9236 --- [           main] s.w.s.m.m.a.RequestMappingHandlerMapping : Mapped "{[/bankister/all],methods=[GET]}" onto public java.util.List<com.entity.Banquier> com.controller.BanquierController.findTousBanquier()
2019-05-06 12:28:34.819  INFO 9236 --- [           main] s.w.s.m.m.a.RequestMappingHandlerMapping : Mapped "{[/bankister/addbankist],methods=[POST],consumes=[application/json],produces=[application/json]}" onto public com.entity.Banquier com.controller.BanquierController.saveNewBankier(com.entity.Banquier)
2019-05-06 12:28:34.819  INFO 9236 --- [           main] s.w.s.m.m.a.RequestMappingHandlerMapping : Mapped "{[/customer/{id}],methods=[PUT]}" onto public com.entity.Client com.controller.ClientController.updateBankist(com.entity.Client,int)
2019-05-06 12:28:34.819  INFO 9236 --- [           main] s.w.s.m.m.a.RequestMappingHandlerMapping : Mapped "{[/customer/{id}],methods=[DELETE]}" onto public void com.controller.ClientController.deleteMessage(int)
2019-05-06 12:28:34.835  INFO 9236 --- [           main] s.w.s.m.m.a.RequestMappingHandlerMapping : Mapped "{[/customer/all],methods=[GET]}" onto public java.util.List<com.entity.Client> com.controller.ClientController.findTousBanquier()
2019-05-06 12:28:34.835  INFO 9236 --- [           main] s.w.s.m.m.a.RequestMappingHandlerMapping : Mapped "{[/customer/addcli],methods=[POST],consumes=[application/json],produces=[application/json]}" onto public com.entity.Client com.controller.ClientController.saveNewBankier(com.entity.Client)
2019-05-06 12:28:34.835  INFO 9236 --- [           main] s.w.s.m.m.a.RequestMappingHandlerMapping : Mapped "{[/Compte_Bancaire/{id}],methods=[DELETE]}" onto public void com.controller.CptBancaireController.deleteCompte(int)
2019-05-06 12:28:34.835  INFO 9236 --- [           main] s.w.s.m.m.a.RequestMappingHandlerMapping : Mapped "{[/Compte_Bancaire/addcb],methods=[POST],consumes=[application/json],produces=[application/json]}" onto public com.entity.CptBancaire com.controller.CptBancaireController.saveNewCompte(com.entity.CptBancaire)
2019-05-06 12:28:34.850  INFO 9236 --- [           main] s.w.s.m.m.a.RequestMappingHandlerMapping : Mapped "{[/Compte_Bancaire/all],methods=[GET]}" onto public java.util.List<com.entity.CptBancaire> com.controller.CptBancaireController.findAllComptes()
2019-05-06 12:28:34.850  INFO 9236 --- [           main] s.w.s.m.m.a.RequestMappingHandlerMapping : Mapped "{[/Compte_Bancaire/{id}],methods=[PUT]}" onto public com.entity.CptBancaire com.controller.CptBancaireController.updateCompte(com.entity.CptBancaire,int)
2019-05-06 12:28:34.850  INFO 9236 --- [           main] s.w.s.m.m.a.RequestMappingHandlerMapping : Mapped "{[/msg/{id}],methods=[DELETE]}" onto public void com.controller.MessageController.deleteMessage(int)
2019-05-06 12:28:34.850  INFO 9236 --- [           main] s.w.s.m.m.a.RequestMappingHandlerMapping : Mapped "{[/msg/all],methods=[GET]}" onto public java.util.List<com.entity.Message> com.controller.MessageController.findAllMessages()
2019-05-06 12:28:34.850  INFO 9236 --- [           main] s.w.s.m.m.a.RequestMappingHandlerMapping : Mapped "{[/msg/addmsg],methods=[POST],consumes=[application/json],produces=[application/json]}" onto public com.entity.Message com.controller.MessageController.saveNewMessage(com.entity.Message)
2019-05-06 12:28:34.866  INFO 9236 --- [           main] s.w.s.m.m.a.RequestMappingHandlerMapping : Mapped "{[/Virement/addvirement],methods=[POST],consumes=[application/json],produces=[application/json]}" onto public void com.controller.VirementController.saveNewVirement(com.entity.Virement)
2019-05-06 12:28:34.866  INFO 9236 --- [           main] s.w.s.m.m.a.RequestMappingHandlerMapping : Mapped "{[/Virement/all],methods=[GET]}" onto public java.util.List<com.entity.Virement> com.controller.VirementController.findAllVirements()
2019-05-06 12:28:34.866  INFO 9236 --- [           main] s.w.s.m.m.a.RequestMappingHandlerMapping : Mapped "{[/Virement/{id}],methods=[DELETE]}" onto public void com.controller.VirementController.deleteVirement(int)
2019-05-06 12:28:34.866  INFO 9236 --- [           main] s.w.s.m.m.a.RequestMappingHandlerMapping : Mapped "{[/error]}" onto public org.springframework.http.ResponseEntity<java.util.Map<java.lang.String, java.lang.Object>> org.springframework.boot.autoconfigure.web.servlet.error.BasicErrorController.error(javax.servlet.http.HttpServletRequest)
2019-05-06 12:28:34.866  INFO 9236 --- [           main] s.w.s.m.m.a.RequestMappingHandlerMapping : Mapped "{[/error],produces=[text/html]}" onto public org.springframework.web.servlet.ModelAndView org.springframework.boot.autoconfigure.web.servlet.error.BasicErrorController.errorHtml(javax.servlet.http.HttpServletRequest,javax.servlet.http.HttpServletResponse)
2019-05-06 12:28:35.026  INFO 9236 --- [           main] s.w.s.m.m.a.RequestMappingHandlerAdapter : Looking for @ControllerAdvice: org.springframework.web.context.support.GenericWebApplicationContext@7f82a71f: startup date [Mon May 06 12:28:32 CEST 2019]; root of context hierarchy
2019-05-06 12:28:35.621  INFO 9236 --- [           main] com.controller.MessageControllerTest     : Started MessageControllerTest in 3.544 seconds (JVM running for 21.359)
2019-05-06 12:28:35.630  INFO 9236 --- [           main] o.s.b.t.m.w.SpringBootMockServletContext : Initializing Spring FrameworkServlet ''
2019-05-06 12:28:35.630  INFO 9236 --- [           main] o.s.t.web.servlet.TestDispatcherServlet  : FrameworkServlet '': initialization started
2019-05-06 12:28:35.662  INFO 9236 --- [           main] o.s.t.web.servlet.TestDispatcherServlet  : FrameworkServlet '': initialization completed in 16 ms
2019-05-06 12:28:35.662  INFO 9236 --- [           main] com.DAO.MessageDaoTest                   : --------------Testing createEntity Method---------------
2019-05-06 12:28:35.662  INFO 9236 --- [           main] com.DAO.MessageDaoTest                   : --------------Constructing Message---------------
2019-05-06 12:28:35.662  INFO 9236 --- [           main] com.DAO.MessageDaoTest                   : --------------Serializing Message Object---------------
2019-05-06 12:28:35.782  INFO 9236 --- [           main] com.DAO.MessageDaoTest                   : --------------Mocking Context WebService and invoking the webService---------------
Bonjour cher client
2019-05-06 12:28:35.933  INFO 9236 --- [           main] com.DAO.MessageDaoTest                   : --------------Getting HTTP Status---------------
2019-05-06 12:28:35.933  INFO 9236 --- [           main] com.DAO.MessageDaoTest                   : --------------Verifying HTTP Status---------------
2019-05-06 12:28:35.933  INFO 9236 --- [           main] com.DAO.MessageDaoTest                   : --------------Searching for Message---------------
2019-05-06 12:28:35.933  INFO 9236 --- [           main] com.DAO.MessageDaoTest                   : --------------Verifying Message---------------
]]></system-out>
  </testcase>
  <testcase name="getAllEntityList" classname="com.controller.MessageControllerTest" time="3.861"/>
</testsuite>